Copyright 1986-2017 Xilinx, Inc. All Rights Reserved.
----------------------------------------------------------------------------------------------------------------------------------------------------------------
| Tool Version     : Vivado v.2017.1 (lin64) Build 1846317 Fri Apr 14 18:54:47 MDT 2017
| Date             : Tue Sep 25 12:06:19 2018
| Host             : leonardo-pc running 64-bit Ubuntu 16.04.5 LTS
| Command          : report_power -file system_wrapper_power_routed.rpt -pb system_wrapper_power_summary_routed.pb -rpx system_wrapper_power_routed.rpx
| Design           : system_wrapper
| Device           : xczu9eg-ffvb1156-2-i
| Design State     : routed
| Grade            : industrial
| Process          : typical
| Characterization : Production
----------------------------------------------------------------------------------------------------------------------------------------------------------------

Power Report

Table of Contents
-----------------
1. Summary
1.1 On-Chip Components
1.2 Power Supply Summary
1.3 Confidence Level
2. Settings
2.1 Environment
2.2 Clock Constraints
3. Detailed Reports
3.1 By Hierarchy

1. Summary
----------

+--------------------------+--------+
| Total On-Chip Power (W)  | 4.016  |
| Dynamic (W)              | 3.291  |
| Device Static (W)        | 0.726  |
| Effective TJA (C/W)      | 1.0    |
| Max Ambient (C)          | 96.1   |
| Junction Temperature (C) | 28.9   |
| Confidence Level         | Medium |
| Setting File             | ---    |
| Simulation Activity File | ---    |
| Design Nets Matched      | NA     |
+--------------------------+--------+


1.1 On-Chip Components
----------------------

+--------------------------+-----------+----------+-----------+-----------------+
| On-Chip                  | Power (W) | Used     | Available | Utilization (%) |
+--------------------------+-----------+----------+-----------+-----------------+
| Clocks                   |     0.050 |        3 |       --- |             --- |
| CLB Logic                |     0.018 |    19001 |       --- |             --- |
|   LUT as Logic           |     0.015 |     9345 |    274080 |            3.41 |
|   LUT as Distributed RAM |     0.002 |      272 |    144000 |            0.19 |
|   Register               |    <0.001 |     7177 |    548160 |            1.31 |
|   LUT as Shift Register  |    <0.001 |       62 |    144000 |            0.04 |
|   CARRY8                 |    <0.001 |      110 |     34260 |            0.32 |
|   BUFG                   |    <0.001 |        9 |        32 |           28.13 |
|   Others                 |     0.000 |      233 |       --- |             --- |
|   F7/F8 Muxes            |     0.000 |      228 |    274080 |            0.08 |
| Signals                  |     0.025 |    16229 |       --- |             --- |
| Block RAM                |     0.005 |       16 |       912 |            1.75 |
| DSPs                     |    <0.001 |        2 |      2520 |            0.08 |
| PS8                      |     3.192 |        1 |       --- |             --- |
| Static Power             |     0.726 |          |           |                 |
|   PS Static              |     0.099 |          |           |                 |
|   PL Static              |     0.626 |          |           |                 |
| Total                    |     4.016 |          |           |                 |
+--------------------------+-----------+----------+-----------+-----------------+


1.2 Power Supply Summary
------------------------

+-----------------+-------------+-----------+-------------+------------+
| Source          | Voltage (V) | Total (A) | Dynamic (A) | Static (A) |
+-----------------+-------------+-----------+-------------+------------+
| Vccint          |       0.850 |     0.319 |       0.116 |      0.204 |
| Vccint_io       |       0.850 |     0.034 |       0.000 |      0.034 |
| Vccint_xiphy    |       0.850 |     0.002 |       0.000 |      0.002 |
| Vccbram         |       0.850 |     0.003 |       0.000 |      0.003 |
| Vccaux          |       1.800 |     0.193 |       0.000 |      0.193 |
| Vccaux_io       |       1.800 |     0.033 |       0.000 |      0.033 |
| Vcco33          |       3.300 |     0.000 |       0.000 |      0.000 |
| Vcco25          |       2.500 |     0.000 |       0.000 |      0.000 |
| Vcco18          |       1.800 |     0.000 |       0.000 |      0.000 |
| Vcco15          |       1.500 |     0.000 |       0.000 |      0.000 |
| Vcco135         |       1.350 |     0.000 |       0.000 |      0.000 |
| Vcco12          |       1.200 |     0.000 |       0.000 |      0.000 |
| Vcco10          |       1.000 |     0.000 |       0.000 |      0.000 |
| Vccadc          |       1.800 |     0.008 |       0.000 |      0.008 |
| VCC_PSINTFP     |       0.850 |     1.482 |       1.447 |      0.035 |
| VCC_PSINTLP     |       0.850 |     0.336 |       0.329 |      0.007 |
| VPS_MGTRAVCC    |       0.850 |     0.190 |       0.189 |      0.001 |
| VCC_PSINTFP_DDR |       0.850 |     0.701 |       0.696 |      0.004 |
| VCC_PSPLL       |       1.200 |     0.073 |       0.071 |      0.002 |
| VPS_MGTRAVTT    |       1.800 |     0.034 |       0.033 |      0.001 |
| VCCO_PSDDR_504  |       1.200 |     0.626 |       0.592 |      0.034 |
| VCC_PSAUX       |       1.800 |     0.002 |       0.000 |      0.002 |
| VCC_PSBATT      |       1.200 |     0.000 |       0.000 |      0.000 |
| VCC_PSDDR_PLL   |       1.800 |     0.012 |       0.011 |      0.001 |
| VCCO_PSIO0_500  |       1.800 |     0.011 |       0.010 |      0.001 |
| VCCO_PSIO1_501  |       1.800 |     0.008 |       0.008 |      0.001 |
| VCCO_PSIO2_502  |       1.800 |     0.013 |       0.012 |      0.001 |
| VCCO_PSIO3_503  |       3.300 |     0.001 |       0.000 |      0.001 |
| VCC_PSADC       |       1.800 |     0.002 |       0.000 |      0.002 |
| MGTAVcc         |       0.900 |     0.000 |       0.000 |      0.000 |
| MGTAVtt         |       1.200 |     0.000 |       0.000 |      0.000 |
| MGTVccaux       |       1.800 |     0.000 |       0.000 |      0.000 |
+-----------------+-------------+-----------+-------------+------------+


1.3 Confidence Level
--------------------

+-----------------------------+------------+------------------------------------------------+------------------------------------------------------------------------------------------------------------+
| User Input Data             | Confidence | Details                                        | Action                                                                                                     |
+-----------------------------+------------+------------------------------------------------+------------------------------------------------------------------------------------------------------------+
| Design implementation state | High       | Design is routed                               |                                                                                                            |
| Clock nodes activity        | High       | User specified more than 95% of clocks         |                                                                                                            |
| I/O nodes activity          | High       | User specified more than 95% of inputs         |                                                                                                            |
| Internal nodes activity     | Medium     | User specified less than 25% of internal nodes | Provide missing internal nodes activity with simulation results or by editing the "By Resource Type" views |
| Device models               | High       | Device models are Production                   |                                                                                                            |
|                             |            |                                                |                                                                                                            |
| Overall confidence level    | Medium     |                                                |                                                                                                            |
+-----------------------------+------------+------------------------------------------------+------------------------------------------------------------------------------------------------------------+


2. Settings
-----------

2.1 Environment
---------------

+-----------------------+--------------------------+
| Ambient Temp (C)      | 25.0                     |
| ThetaJA (C/W)         | 1.0                      |
| Airflow (LFM)         | 250                      |
| Heat Sink             | medium (Medium Profile)  |
| ThetaSA (C/W)         | 1.5                      |
| Board Selection       | medium (10"x10")         |
| # of Board Layers     | 12to15 (12 to 15 Layers) |
| Board Temperature (C) | 25.0                     |
+-----------------------+--------------------------+


2.2 Clock Constraints
---------------------

+----------+----------------------------------------------------+-----------------+
| Clock    | Domain                                             | Constraint (ns) |
+----------+----------------------------------------------------+-----------------+
| clk_pl_0 | system_i/zynq_ultra_ps_e_0/U0/pl_clk_unbuffered[0] |            10.0 |
+----------+----------------------------------------------------+-----------------+


3. Detailed Reports
-------------------

3.1 By Hierarchy
----------------

+----------------------------------------------------------------------------------------+-----------+
| Name                                                                                   | Power (W) |
+----------------------------------------------------------------------------------------+-----------+
| system_wrapper                                                                         |     3.291 |
|   system_i                                                                             |     3.291 |
|     a3_slot_0                                                                          |     0.003 |
|       U0                                                                               |     0.003 |
|         memory_bank[0].mem_i                                                           |    <0.001 |
|         memory_bank[1].mem_i                                                           |    <0.001 |
|     a3_slot_1                                                                          |     0.003 |
|       U0                                                                               |     0.003 |
|         memory_bank[0].mem_i                                                           |    <0.001 |
|         memory_bank[1].mem_i                                                           |    <0.001 |
|     a3_slot_2                                                                          |     0.002 |
|       U0                                                                               |     0.002 |
|         memory_bank[0].mem_i                                                           |    <0.001 |
|         memory_bank[1].mem_i                                                           |    <0.001 |
|     a3_slot_3                                                                          |     0.002 |
|       U0                                                                               |     0.002 |
|         memory_bank[0].mem_i                                                           |    <0.001 |
|         memory_bank[1].mem_i                                                           |    <0.001 |
|     a3_slot_4                                                                          |     0.003 |
|       U0                                                                               |     0.003 |
|         memory_bank[0].mem_i                                                           |    <0.001 |
|         memory_bank[1].mem_i                                                           |    <0.001 |
|     a3_slot_5                                                                          |     0.003 |
|       U0                                                                               |     0.003 |
|         memory_bank[0].mem_i                                                           |    <0.001 |
|         memory_bank[1].mem_i                                                           |    <0.001 |
|     a3_slot_6                                                                          |     0.003 |
|       U0                                                                               |     0.003 |
|         memory_bank[0].mem_i                                                           |    <0.001 |
|         memory_bank[1].mem_i                                                           |    <0.001 |
|     a3_slot_7                                                                          |     0.002 |
|       U0                                                                               |     0.002 |
|         memory_bank[0].mem_i                                                           |    <0.001 |
|         memory_bank[1].mem_i                                                           |    <0.001 |
|     artico3_shuffler_0                                                                 |     0.056 |
|       U0                                                                               |     0.056 |
|         shuffler_control                                                               |     0.003 |
|         shuffler_data                                                                  |     0.005 |
|           fifo_i                                                                       |     0.003 |
|             mem_reg_0_63_0_6                                                           |    <0.001 |
|             mem_reg_0_63_14_20                                                         |    <0.001 |
|             mem_reg_0_63_21_27                                                         |    <0.001 |
|             mem_reg_0_63_28_31                                                         |    <0.001 |
|             mem_reg_0_63_7_13                                                          |    <0.001 |
|             mem_reg_128_191_0_6                                                        |    <0.001 |
|             mem_reg_128_191_14_20                                                      |    <0.001 |
|             mem_reg_128_191_21_27                                                      |    <0.001 |
|             mem_reg_128_191_28_31                                                      |    <0.001 |
|             mem_reg_128_191_7_13                                                       |    <0.001 |
|             mem_reg_192_255_0_6                                                        |    <0.001 |
|             mem_reg_192_255_14_20                                                      |    <0.001 |
|             mem_reg_192_255_21_27                                                      |    <0.001 |
|             mem_reg_192_255_28_31                                                      |    <0.001 |
|             mem_reg_192_255_7_13                                                       |    <0.001 |
|             mem_reg_64_127_0_6                                                         |    <0.001 |
|             mem_reg_64_127_14_20                                                       |    <0.001 |
|             mem_reg_64_127_21_27                                                       |    <0.001 |
|             mem_reg_64_127_28_31                                                       |    <0.001 |
|             mem_reg_64_127_7_13                                                        |    <0.001 |
|     axi_a3ctrl                                                                         |     0.011 |
|       s00_couplers                                                                     |     0.011 |
|         auto_ds                                                                        |     0.007 |
|           inst                                                                         |     0.007 |
|             gen_downsizer.gen_simple_downsizer.axi_downsizer_inst                      |     0.007 |
|               USE_READ.read_addr_inst                                                  |     0.002 |
|                 cmd_queue                                                              |     0.001 |
|                   inst                                                                 |     0.001 |
|                     fifo_gen_inst                                                      |    <0.001 |
|                       inst_fifo_gen                                                    |    <0.001 |
|                         gconvfifo.rf                                                   |    <0.001 |
|                           grf.rf                                                       |    <0.001 |
|                             gntv_or_sync_fifo.gl0.rd                                   |    <0.001 |
|                               gr1.gr1_int.rfwft                                        |    <0.001 |
|                               grss.rsts                                                |    <0.001 |
|                               rpntr                                                    |    <0.001 |
|                             gntv_or_sync_fifo.gl0.wr                                   |    <0.001 |
|                               gwss.wsts                                                |    <0.001 |
|                               wpntr                                                    |    <0.001 |
|                             gntv_or_sync_fifo.mem                                      |    <0.001 |
|                               gdm.dm_gen.dm                                            |    <0.001 |
|                                 RAM_reg_0_31_0_5                                       |    <0.001 |
|                                 RAM_reg_0_31_12_17                                     |    <0.001 |
|                                 RAM_reg_0_31_6_11                                      |    <0.001 |
|                             rstblk                                                     |    <0.001 |
|                               ngwrdrst.grst.g7serrst.gwrrd_rst_sync_stage[1].rrst_inst |    <0.001 |
|                               ngwrdrst.grst.g7serrst.gwrrd_rst_sync_stage[1].wrst_inst |    <0.001 |
|                               ngwrdrst.grst.g7serrst.gwrrd_rst_sync_stage[2].rrst_inst |    <0.001 |
|                               ngwrdrst.grst.g7serrst.gwrrd_rst_sync_stage[2].wrst_inst |    <0.001 |
|               USE_READ.read_data_inst                                                  |    <0.001 |
|               USE_WRITE.USE_SPLIT.write_resp_inst                                      |    <0.001 |
|               USE_WRITE.write_addr_inst                                                |     0.004 |
|                 USE_B_CHANNEL.cmd_b_queue                                              |    <0.001 |
|                   inst                                                                 |    <0.001 |
|                     fifo_gen_inst                                                      |    <0.001 |
|                       inst_fifo_gen                                                    |    <0.001 |
|                         gconvfifo.rf                                                   |    <0.001 |
|                           grf.rf                                                       |    <0.001 |
|                             gntv_or_sync_fifo.gl0.rd                                   |    <0.001 |
|                               gr1.gr1_int.rfwft                                        |    <0.001 |
|                               grss.rsts                                                |    <0.001 |
|                               rpntr                                                    |    <0.001 |
|                             gntv_or_sync_fifo.gl0.wr                                   |    <0.001 |
|                               gwss.wsts                                                |    <0.001 |
|                               wpntr                                                    |    <0.001 |
|                             gntv_or_sync_fifo.mem                                      |    <0.001 |
|                               gdm.dm_gen.dm                                            |    <0.001 |
|                                 RAM_reg_0_31_0_5                                       |    <0.001 |
|                             rstblk                                                     |    <0.001 |
|                               ngwrdrst.grst.g7serrst.gwrrd_rst_sync_stage[1].rrst_inst |    <0.001 |
|                               ngwrdrst.grst.g7serrst.gwrrd_rst_sync_stage[1].wrst_inst |    <0.001 |
|                               ngwrdrst.grst.g7serrst.gwrrd_rst_sync_stage[2].rrst_inst |    <0.001 |
|                               ngwrdrst.grst.g7serrst.gwrrd_rst_sync_stage[2].wrst_inst |    <0.001 |
|                 cmd_queue                                                              |     0.002 |
|                   inst                                                                 |     0.002 |
|                     fifo_gen_inst                                                      |    <0.001 |
|                       inst_fifo_gen                                                    |    <0.001 |
|                         gconvfifo.rf                                                   |    <0.001 |
|                           grf.rf                                                       |    <0.001 |
|                             gntv_or_sync_fifo.gl0.rd                                   |    <0.001 |
|                               gr1.gr1_int.rfwft                                        |    <0.001 |
|                               grss.rsts                                                |    <0.001 |
|                               rpntr                                                    |    <0.001 |
|                             gntv_or_sync_fifo.gl0.wr                                   |    <0.001 |
|                               gwss.wsts                                                |    <0.001 |
|                               wpntr                                                    |    <0.001 |
|                             gntv_or_sync_fifo.mem                                      |    <0.001 |
|                               gdm.dm_gen.dm                                            |    <0.001 |
|                                 RAM_reg_0_31_0_5                                       |    <0.001 |
|                                 RAM_reg_0_31_12_17                                     |    <0.001 |
|                                 RAM_reg_0_31_6_11                                      |    <0.001 |
|                             rstblk                                                     |    <0.001 |
|                               ngwrdrst.grst.g7serrst.gwrrd_rst_sync_stage[1].rrst_inst |    <0.001 |
|                               ngwrdrst.grst.g7serrst.gwrrd_rst_sync_stage[1].wrst_inst |    <0.001 |
|                               ngwrdrst.grst.g7serrst.gwrrd_rst_sync_stage[2].rrst_inst |    <0.001 |
|                               ngwrdrst.grst.g7serrst.gwrrd_rst_sync_stage[2].wrst_inst |    <0.001 |
|               USE_WRITE.write_data_inst                                                |    <0.001 |
|         auto_pc                                                                        |     0.004 |
|           inst                                                                         |     0.004 |
|             gen_axilite.gen_b2s_conv.axilite_b2s                                       |     0.004 |
|               RD.ar_channel_0                                                          |    <0.001 |
|                 ar_cmd_fsm_0                                                           |    <0.001 |
|                 cmd_translator_0                                                       |    <0.001 |
|                   incr_cmd_0                                                           |    <0.001 |
|                   wrap_cmd_0                                                           |    <0.001 |
|               RD.r_channel_0                                                           |    <0.001 |
|                 rd_data_fifo_0                                                         |    <0.001 |
|                 transaction_fifo_0                                                     |    <0.001 |
|               SI_REG                                                                   |     0.001 |
|                 ar_pipe                                                                |    <0.001 |
|                 aw_pipe                                                                |    <0.001 |
|                 b_pipe                                                                 |    <0.001 |
|                 r_pipe                                                                 |    <0.001 |
|               WR.aw_channel_0                                                          |    <0.001 |
|                 aw_cmd_fsm_0                                                           |    <0.001 |
|                 cmd_translator_0                                                       |    <0.001 |
|                   incr_cmd_0                                                           |    <0.001 |
|                   wrap_cmd_0                                                           |    <0.001 |
|               WR.b_channel_0                                                           |    <0.001 |
|                 bid_fifo_0                                                             |    <0.001 |
|                 bresp_fifo_0                                                           |    <0.001 |
|     axi_a3data                                                                         |     0.006 |
|       s00_couplers                                                                     |     0.006 |
|         auto_ds                                                                        |     0.006 |
|           inst                                                                         |     0.006 |
|             gen_downsizer.gen_simple_downsizer.axi_downsizer_inst                      |     0.006 |
|               USE_READ.read_addr_inst                                                  |     0.002 |
|                 cmd_queue                                                              |     0.001 |
|                   inst                                                                 |     0.001 |
|                     fifo_gen_inst                                                      |    <0.001 |
|                       inst_fifo_gen                                                    |    <0.001 |
|                         gconvfifo.rf                                                   |    <0.001 |
|                           grf.rf                                                       |    <0.001 |
|                             gntv_or_sync_fifo.gl0.rd                                   |    <0.001 |
|                               gr1.gr1_int.rfwft                                        |    <0.001 |
|                               grss.rsts                                                |    <0.001 |
|                               rpntr                                                    |    <0.001 |
|                             gntv_or_sync_fifo.gl0.wr                                   |    <0.001 |
|                               gwss.wsts                                                |    <0.001 |
|                               wpntr                                                    |    <0.001 |
|                             gntv_or_sync_fifo.mem                                      |    <0.001 |
|                               gdm.dm_gen.dm                                            |    <0.001 |
|                                 RAM_reg_0_31_0_5                                       |    <0.001 |
|                                 RAM_reg_0_31_12_17                                     |    <0.001 |
|                                 RAM_reg_0_31_6_11                                      |    <0.001 |
|                             rstblk                                                     |    <0.001 |
|                               ngwrdrst.grst.g7serrst.gwrrd_rst_sync_stage[1].rrst_inst |    <0.001 |
|                               ngwrdrst.grst.g7serrst.gwrrd_rst_sync_stage[1].wrst_inst |    <0.001 |
|                               ngwrdrst.grst.g7serrst.gwrrd_rst_sync_stage[2].rrst_inst |    <0.001 |
|                               ngwrdrst.grst.g7serrst.gwrrd_rst_sync_stage[2].wrst_inst |    <0.001 |
|               USE_READ.read_data_inst                                                  |    <0.001 |
|               USE_WRITE.USE_SPLIT.write_resp_inst                                      |    <0.001 |
|               USE_WRITE.write_addr_inst                                                |     0.003 |
|                 USE_B_CHANNEL.cmd_b_queue                                              |    <0.001 |
|                   inst                                                                 |    <0.001 |
|                     fifo_gen_inst                                                      |    <0.001 |
|                       inst_fifo_gen                                                    |    <0.001 |
|                         gconvfifo.rf                                                   |    <0.001 |
|                           grf.rf                                                       |    <0.001 |
|                             gntv_or_sync_fifo.gl0.rd                                   |    <0.001 |
|                               gr1.gr1_int.rfwft                                        |    <0.001 |
|                               grss.rsts                                                |    <0.001 |
|                               rpntr                                                    |    <0.001 |
|                             gntv_or_sync_fifo.gl0.wr                                   |    <0.001 |
|                               gwss.wsts                                                |    <0.001 |
|                               wpntr                                                    |    <0.001 |
|                             gntv_or_sync_fifo.mem                                      |    <0.001 |
|                               gdm.dm_gen.dm                                            |    <0.001 |
|                                 RAM_reg_0_31_0_5                                       |    <0.001 |
|                             rstblk                                                     |    <0.001 |
|                               ngwrdrst.grst.g7serrst.gwrrd_rst_sync_stage[1].rrst_inst |    <0.001 |
|                               ngwrdrst.grst.g7serrst.gwrrd_rst_sync_stage[1].wrst_inst |    <0.001 |
|                               ngwrdrst.grst.g7serrst.gwrrd_rst_sync_stage[2].rrst_inst |    <0.001 |
|                               ngwrdrst.grst.g7serrst.gwrrd_rst_sync_stage[2].wrst_inst |    <0.001 |
|                 cmd_queue                                                              |     0.002 |
|                   inst                                                                 |     0.002 |
|                     fifo_gen_inst                                                      |    <0.001 |
|                       inst_fifo_gen                                                    |    <0.001 |
|                         gconvfifo.rf                                                   |    <0.001 |
|                           grf.rf                                                       |    <0.001 |
|                             gntv_or_sync_fifo.gl0.rd                                   |    <0.001 |
|                               gr1.gr1_int.rfwft                                        |    <0.001 |
|                               grss.rsts                                                |    <0.001 |
|                               rpntr                                                    |    <0.001 |
|                             gntv_or_sync_fifo.gl0.wr                                   |    <0.001 |
|                               gwss.wsts                                                |    <0.001 |
|                               wpntr                                                    |    <0.001 |
|                             gntv_or_sync_fifo.mem                                      |    <0.001 |
|                               gdm.dm_gen.dm                                            |    <0.001 |
|                                 RAM_reg_0_31_0_5                                       |    <0.001 |
|                                 RAM_reg_0_31_12_17                                     |    <0.001 |
|                                 RAM_reg_0_31_6_11                                      |    <0.001 |
|                             rstblk                                                     |    <0.001 |
|                               ngwrdrst.grst.g7serrst.gwrrd_rst_sync_stage[1].rrst_inst |    <0.001 |
|                               ngwrdrst.grst.g7serrst.gwrrd_rst_sync_stage[1].wrst_inst |    <0.001 |
|                               ngwrdrst.grst.g7serrst.gwrrd_rst_sync_stage[2].rrst_inst |    <0.001 |
|                               ngwrdrst.grst.g7serrst.gwrrd_rst_sync_stage[2].wrst_inst |    <0.001 |
|               USE_WRITE.write_data_inst                                                |    <0.001 |
|     reset_0                                                                            |    <0.001 |
|       U0                                                                               |    <0.001 |
|         EXT_LPF                                                                        |    <0.001 |
|           ACTIVE_LOW_EXT.ACT_LO_EXT                                                    |    <0.001 |
|         SEQ                                                                            |    <0.001 |
|           SEQ_COUNTER                                                                  |    <0.001 |
|     xlconcat_0                                                                         |     0.000 |
|     zynq_ultra_ps_e_0                                                                  |     3.195 |
|       U0                                                                               |     3.195 |
+----------------------------------------------------------------------------------------+-----------+


