
*** Running vivado
    with args -log system_reset_0_0.vds -m64 -product Vivado -mode batch -messageDb vivado.pb -notrace -source system_reset_0_0.tcl


****** Vivado v2017.1 (64-bit)
  **** SW Build 1846317 on Fri Apr 14 18:54:47 MDT 2017
  **** IP Build 1846188 on Fri Apr 14 20:52:08 MDT 2017
    ** Copyright 1986-2017 Xilinx, Inc. All Rights Reserved.

source system_reset_0_0.tcl -notrace
Starting RTL Elaboration : Time (s): cpu = 00:00:04 ; elapsed = 00:00:07 . Memory (MB): peak = 1437.922 ; gain = 0.000 ; free physical = 10237 ; free virtual = 27014
INFO: [Synth 8-638] synthesizing module 'system_reset_0_0' [/home/leonardo/Desktop/artico_spider/artico3/demos/flexible_GSZIE_matmul/build.hw/myARTICo3.srcs/sources_1/bd/system/ip/system_reset_0_0/synth/system_reset_0_0.vhd:74]
INFO: [Synth 8-638] synthesizing module 'proc_sys_reset' [/home/leonardo/Desktop/artico_spider/artico3/demos/flexible_GSZIE_matmul/build.hw/myARTICo3.srcs/sources_1/bd/system/ipshared/5db7/hdl/proc_sys_reset_v5_0_vh_rfs.vhd:1323]
INFO: [Synth 8-638] synthesizing module 'lpf' [/home/leonardo/Desktop/artico_spider/artico3/demos/flexible_GSZIE_matmul/build.hw/myARTICo3.srcs/sources_1/bd/system/ipshared/5db7/hdl/proc_sys_reset_v5_0_vh_rfs.vhd:816]
INFO: [Synth 8-638] synthesizing module 'SRL16' [/opt/Xilinx/Vivado/2017.1/scripts/rt/data/unisim_comp.v:43657]
INFO: [Synth 8-256] done synthesizing module 'SRL16' (1#1) [/opt/Xilinx/Vivado/2017.1/scripts/rt/data/unisim_comp.v:43657]
INFO: [Synth 8-638] synthesizing module 'cdc_sync' [/home/leonardo/Desktop/artico_spider/artico3/demos/flexible_GSZIE_matmul/build.hw/myARTICo3.srcs/sources_1/bd/system/ipshared/52cb/hdl/lib_cdc_v1_0_rfs.vhd:106]
INFO: [Synth 8-256] done synthesizing module 'cdc_sync' (2#1) [/home/leonardo/Desktop/artico_spider/artico3/demos/flexible_GSZIE_matmul/build.hw/myARTICo3.srcs/sources_1/bd/system/ipshared/52cb/hdl/lib_cdc_v1_0_rfs.vhd:106]
INFO: [Synth 8-256] done synthesizing module 'lpf' (3#1) [/home/leonardo/Desktop/artico_spider/artico3/demos/flexible_GSZIE_matmul/build.hw/myARTICo3.srcs/sources_1/bd/system/ipshared/5db7/hdl/proc_sys_reset_v5_0_vh_rfs.vhd:816]
INFO: [Synth 8-638] synthesizing module 'sequence_psr' [/home/leonardo/Desktop/artico_spider/artico3/demos/flexible_GSZIE_matmul/build.hw/myARTICo3.srcs/sources_1/bd/system/ipshared/5db7/hdl/proc_sys_reset_v5_0_vh_rfs.vhd:301]
INFO: [Synth 8-638] synthesizing module 'upcnt_n' [/home/leonardo/Desktop/artico_spider/artico3/demos/flexible_GSZIE_matmul/build.hw/myARTICo3.srcs/sources_1/bd/system/ipshared/5db7/hdl/proc_sys_reset_v5_0_vh_rfs.vhd:125]
INFO: [Synth 8-256] done synthesizing module 'upcnt_n' (4#1) [/home/leonardo/Desktop/artico_spider/artico3/demos/flexible_GSZIE_matmul/build.hw/myARTICo3.srcs/sources_1/bd/system/ipshared/5db7/hdl/proc_sys_reset_v5_0_vh_rfs.vhd:125]
INFO: [Synth 8-256] done synthesizing module 'sequence_psr' (5#1) [/home/leonardo/Desktop/artico_spider/artico3/demos/flexible_GSZIE_matmul/build.hw/myARTICo3.srcs/sources_1/bd/system/ipshared/5db7/hdl/proc_sys_reset_v5_0_vh_rfs.vhd:301]
INFO: [Synth 8-256] done synthesizing module 'proc_sys_reset' (6#1) [/home/leonardo/Desktop/artico_spider/artico3/demos/flexible_GSZIE_matmul/build.hw/myARTICo3.srcs/sources_1/bd/system/ipshared/5db7/hdl/proc_sys_reset_v5_0_vh_rfs.vhd:1323]
INFO: [Synth 8-256] done synthesizing module 'system_reset_0_0' (7#1) [/home/leonardo/Desktop/artico_spider/artico3/demos/flexible_GSZIE_matmul/build.hw/myARTICo3.srcs/sources_1/bd/system/ip/system_reset_0_0/synth/system_reset_0_0.vhd:74]
Finished RTL Elaboration : Time (s): cpu = 00:00:04 ; elapsed = 00:00:09 . Memory (MB): peak = 1437.922 ; gain = 0.000 ; free physical = 10247 ; free virtual = 27040
Finished RTL Optimization Phase 1 : Time (s): cpu = 00:00:05 ; elapsed = 00:00:09 . Memory (MB): peak = 1437.922 ; gain = 0.000 ; free physical = 10295 ; free virtual = 27089
INFO: [Device 21-403] Loading part xczu9eg-ffvb1156-2-i
Constraint Validation Runtime : Time (s): cpu = 00:00:00.02 ; elapsed = 00:00:00.03 . Memory (MB): peak = 1995.023 ; gain = 1.000 ; free physical = 8575 ; free virtual = 25505
Finished Constraint Validation : Time (s): cpu = 00:00:15 ; elapsed = 00:00:20 . Memory (MB): peak = 1995.023 ; gain = 557.102 ; free physical = 8084 ; free virtual = 25018
Finished Loading Part and Timing Information : Time (s): cpu = 00:00:15 ; elapsed = 00:00:20 . Memory (MB): peak = 1995.023 ; gain = 557.102 ; free physical = 8084 ; free virtual = 25018
Finished applying 'set_property' XDC Constraints : Time (s): cpu = 00:00:15 ; elapsed = 00:00:20 . Memory (MB): peak = 1995.023 ; gain = 557.102 ; free physical = 8085 ; free virtual = 25019
Finished RTL Optimization Phase 2 : Time (s): cpu = 00:00:15 ; elapsed = 00:00:21 . Memory (MB): peak = 1995.023 ; gain = 557.102 ; free physical = 8062 ; free virtual = 24996
Finished Cross Boundary and Area Optimization : Time (s): cpu = 00:00:15 ; elapsed = 00:00:21 . Memory (MB): peak = 1995.023 ; gain = 557.102 ; free physical = 8026 ; free virtual = 24960
Finished Applying XDC Timing Constraints : Time (s): cpu = 00:00:26 ; elapsed = 00:00:32 . Memory (MB): peak = 2589.000 ; gain = 1151.078 ; free physical = 6636 ; free virtual = 23590
Finished Timing Optimization : Time (s): cpu = 00:00:26 ; elapsed = 00:00:32 . Memory (MB): peak = 2589.000 ; gain = 1151.078 ; free physical = 6635 ; free virtual = 23590
Finished Technology Mapping : Time (s): cpu = 00:00:26 ; elapsed = 00:00:32 . Memory (MB): peak = 2608.031 ; gain = 1170.109 ; free physical = 6634 ; free virtual = 23589
Finished IO Insertion : Time (s): cpu = 00:00:26 ; elapsed = 00:00:33 . Memory (MB): peak = 2608.031 ; gain = 1170.109 ; free physical = 6535 ; free virtual = 23489
Finished Renaming Generated Instances : Time (s): cpu = 00:00:26 ; elapsed = 00:00:33 . Memory (MB): peak = 2608.031 ; gain = 1170.109 ; free physical = 6534 ; free virtual = 23489
Finished Rebuilding User Hierarchy : Time (s): cpu = 00:00:26 ; elapsed = 00:00:33 . Memory (MB): peak = 2608.031 ; gain = 1170.109 ; free physical = 6533 ; free virtual = 23487
Finished Renaming Generated Ports : Time (s): cpu = 00:00:26 ; elapsed = 00:00:33 . Memory (MB): peak = 2608.031 ; gain = 1170.109 ; free physical = 6532 ; free virtual = 23487
Finished Handling Custom Attributes : Time (s): cpu = 00:00:26 ; elapsed = 00:00:33 . Memory (MB): peak = 2608.031 ; gain = 1170.109 ; free physical = 6532 ; free virtual = 23486
Finished Renaming Generated Nets : Time (s): cpu = 00:00:26 ; elapsed = 00:00:33 . Memory (MB): peak = 2608.031 ; gain = 1170.109 ; free physical = 6531 ; free virtual = 23486

Report Cell Usage: 
+------+------+------+
|      |Cell  |Count |
+------+------+------+
|1     |LUT1  |     5|
|2     |LUT2  |     9|
|3     |LUT3  |     1|
|4     |LUT4  |     6|
|5     |LUT5  |     3|
|6     |LUT6  |     1|
|7     |SRL16 |     1|
|8     |FDR   |     8|
|9     |FDRE  |    28|
|10    |FDSE  |     4|
+------+------+------+
Finished Writing Synthesis Report : Time (s): cpu = 00:00:26 ; elapsed = 00:00:33 . Memory (MB): peak = 2608.031 ; gain = 1170.109 ; free physical = 6531 ; free virtual = 23486
synth_design: Time (s): cpu = 00:00:27 ; elapsed = 00:00:38 . Memory (MB): peak = 2662.680 ; gain = 1279.148 ; free physical = 6372 ; free virtual = 23327
