
*** Running vivado
    with args -log system_auto_ds_0.vds -m64 -product Vivado -mode batch -messageDb vivado.pb -notrace -source system_auto_ds_0.tcl


****** Vivado v2017.1 (64-bit)
  **** SW Build 1846317 on Fri Apr 14 18:54:47 MDT 2017
  **** IP Build 1846188 on Fri Apr 14 20:52:08 MDT 2017
    ** Copyright 1986-2017 Xilinx, Inc. All Rights Reserved.

source system_auto_ds_0.tcl -notrace
Starting RTL Elaboration : Time (s): cpu = 00:00:04 ; elapsed = 00:00:09 . Memory (MB): peak = 1437.926 ; gain = 0.000 ; free physical = 10334 ; free virtual = 27130
INFO: [Synth 8-638] synthesizing module 'system_auto_ds_0' [/home/leonardo/Desktop/artico_spider/artico3/demos/flexible_GSZIE_matmul/build.hw/myARTICo3.srcs/sources_1/bd/system/ip/system_auto_ds_0/synth/system_auto_ds_0.v:58]
INFO: [Synth 8-638] synthesizing module 'axi_dwidth_converter_v2_1_12_top' [/home/leonardo/Desktop/artico_spider/artico3/demos/flexible_GSZIE_matmul/build.hw/myARTICo3.srcs/sources_1/bd/system/ipshared/fef9/hdl/axi_dwidth_converter_v2_1_vlsyn_rfs.v:14450]
INFO: [Synth 8-638] synthesizing module 'axi_dwidth_converter_v2_1_12_axi_downsizer' [/home/leonardo/Desktop/artico_spider/artico3/demos/flexible_GSZIE_matmul/build.hw/myARTICo3.srcs/sources_1/bd/system/ipshared/fef9/hdl/axi_dwidth_converter_v2_1_vlsyn_rfs.v:2380]
INFO: [Synth 8-638] synthesizing module 'axi_dwidth_converter_v2_1_12_b_downsizer' [/home/leonardo/Desktop/artico_spider/artico3/demos/flexible_GSZIE_matmul/build.hw/myARTICo3.srcs/sources_1/bd/system/ipshared/fef9/hdl/axi_dwidth_converter_v2_1_vlsyn_rfs.v:1251]
INFO: [Synth 8-256] done synthesizing module 'axi_dwidth_converter_v2_1_12_b_downsizer' (1#1) [/home/leonardo/Desktop/artico_spider/artico3/demos/flexible_GSZIE_matmul/build.hw/myARTICo3.srcs/sources_1/bd/system/ipshared/fef9/hdl/axi_dwidth_converter_v2_1_vlsyn_rfs.v:1251]
INFO: [Synth 8-638] synthesizing module 'axi_dwidth_converter_v2_1_12_a_downsizer' [/home/leonardo/Desktop/artico_spider/artico3/demos/flexible_GSZIE_matmul/build.hw/myARTICo3.srcs/sources_1/bd/system/ipshared/fef9/hdl/axi_dwidth_converter_v2_1_vlsyn_rfs.v:64]
INFO: [Synth 8-638] synthesizing module 'axi_data_fifo_v2_1_11_axic_fifo' [/home/leonardo/Desktop/artico_spider/artico3/demos/flexible_GSZIE_matmul/build.hw/myARTICo3.srcs/sources_1/bd/system/ipshared/5235/hdl/axi_data_fifo_v2_1_vl_rfs.v:64]
INFO: [Synth 8-638] synthesizing module 'axi_data_fifo_v2_1_11_fifo_gen' [/home/leonardo/Desktop/artico_spider/artico3/demos/flexible_GSZIE_matmul/build.hw/myARTICo3.srcs/sources_1/bd/system/ipshared/5235/hdl/axi_data_fifo_v2_1_vl_rfs.v:168]
INFO: [Synth 8-256] done synthesizing module 'axi_data_fifo_v2_1_11_fifo_gen' (20#1) [/home/leonardo/Desktop/artico_spider/artico3/demos/flexible_GSZIE_matmul/build.hw/myARTICo3.srcs/sources_1/bd/system/ipshared/5235/hdl/axi_data_fifo_v2_1_vl_rfs.v:168]
INFO: [Synth 8-256] done synthesizing module 'axi_data_fifo_v2_1_11_axic_fifo' (21#1) [/home/leonardo/Desktop/artico_spider/artico3/demos/flexible_GSZIE_matmul/build.hw/myARTICo3.srcs/sources_1/bd/system/ipshared/5235/hdl/axi_data_fifo_v2_1_vl_rfs.v:64]
INFO: [Synth 8-638] synthesizing module 'axi_data_fifo_v2_1_11_axic_fifo__parameterized0' [/home/leonardo/Desktop/artico_spider/artico3/demos/flexible_GSZIE_matmul/build.hw/myARTICo3.srcs/sources_1/bd/system/ipshared/5235/hdl/axi_data_fifo_v2_1_vl_rfs.v:64]
INFO: [Synth 8-638] synthesizing module 'axi_data_fifo_v2_1_11_fifo_gen__parameterized0' [/home/leonardo/Desktop/artico_spider/artico3/demos/flexible_GSZIE_matmul/build.hw/myARTICo3.srcs/sources_1/bd/system/ipshared/5235/hdl/axi_data_fifo_v2_1_vl_rfs.v:168]
INFO: [Synth 8-256] done synthesizing module 'axi_data_fifo_v2_1_11_fifo_gen__parameterized0' (21#1) [/home/leonardo/Desktop/artico_spider/artico3/demos/flexible_GSZIE_matmul/build.hw/myARTICo3.srcs/sources_1/bd/system/ipshared/5235/hdl/axi_data_fifo_v2_1_vl_rfs.v:168]
INFO: [Synth 8-256] done synthesizing module 'axi_data_fifo_v2_1_11_axic_fifo__parameterized0' (21#1) [/home/leonardo/Desktop/artico_spider/artico3/demos/flexible_GSZIE_matmul/build.hw/myARTICo3.srcs/sources_1/bd/system/ipshared/5235/hdl/axi_data_fifo_v2_1_vl_rfs.v:64]
INFO: [Synth 8-256] done synthesizing module 'axi_dwidth_converter_v2_1_12_a_downsizer' (22#1) [/home/leonardo/Desktop/artico_spider/artico3/demos/flexible_GSZIE_matmul/build.hw/myARTICo3.srcs/sources_1/bd/system/ipshared/fef9/hdl/axi_dwidth_converter_v2_1_vlsyn_rfs.v:64]
INFO: [Synth 8-638] synthesizing module 'axi_dwidth_converter_v2_1_12_w_downsizer' [/home/leonardo/Desktop/artico_spider/artico3/demos/flexible_GSZIE_matmul/build.hw/myARTICo3.srcs/sources_1/bd/system/ipshared/fef9/hdl/axi_dwidth_converter_v2_1_vlsyn_rfs.v:2016]
INFO: [Synth 8-256] done synthesizing module 'axi_dwidth_converter_v2_1_12_w_downsizer' (23#1) [/home/leonardo/Desktop/artico_spider/artico3/demos/flexible_GSZIE_matmul/build.hw/myARTICo3.srcs/sources_1/bd/system/ipshared/fef9/hdl/axi_dwidth_converter_v2_1_vlsyn_rfs.v:2016]
INFO: [Synth 8-638] synthesizing module 'axi_dwidth_converter_v2_1_12_a_downsizer__parameterized0' [/home/leonardo/Desktop/artico_spider/artico3/demos/flexible_GSZIE_matmul/build.hw/myARTICo3.srcs/sources_1/bd/system/ipshared/fef9/hdl/axi_dwidth_converter_v2_1_vlsyn_rfs.v:64]
INFO: [Synth 8-256] done synthesizing module 'axi_dwidth_converter_v2_1_12_a_downsizer__parameterized0' (23#1) [/home/leonardo/Desktop/artico_spider/artico3/demos/flexible_GSZIE_matmul/build.hw/myARTICo3.srcs/sources_1/bd/system/ipshared/fef9/hdl/axi_dwidth_converter_v2_1_vlsyn_rfs.v:64]
INFO: [Synth 8-638] synthesizing module 'axi_dwidth_converter_v2_1_12_r_downsizer' [/home/leonardo/Desktop/artico_spider/artico3/demos/flexible_GSZIE_matmul/build.hw/myARTICo3.srcs/sources_1/bd/system/ipshared/fef9/hdl/axi_dwidth_converter_v2_1_vlsyn_rfs.v:1533]
INFO: [Synth 8-256] done synthesizing module 'axi_dwidth_converter_v2_1_12_r_downsizer' (24#1) [/home/leonardo/Desktop/artico_spider/artico3/demos/flexible_GSZIE_matmul/build.hw/myARTICo3.srcs/sources_1/bd/system/ipshared/fef9/hdl/axi_dwidth_converter_v2_1_vlsyn_rfs.v:1533]
INFO: [Synth 8-256] done synthesizing module 'axi_dwidth_converter_v2_1_12_axi_downsizer' (25#1) [/home/leonardo/Desktop/artico_spider/artico3/demos/flexible_GSZIE_matmul/build.hw/myARTICo3.srcs/sources_1/bd/system/ipshared/fef9/hdl/axi_dwidth_converter_v2_1_vlsyn_rfs.v:2380]
INFO: [Synth 8-256] done synthesizing module 'axi_dwidth_converter_v2_1_12_top' (26#1) [/home/leonardo/Desktop/artico_spider/artico3/demos/flexible_GSZIE_matmul/build.hw/myARTICo3.srcs/sources_1/bd/system/ipshared/fef9/hdl/axi_dwidth_converter_v2_1_vlsyn_rfs.v:14450]
INFO: [Synth 8-256] done synthesizing module 'system_auto_ds_0' (27#1) [/home/leonardo/Desktop/artico_spider/artico3/demos/flexible_GSZIE_matmul/build.hw/myARTICo3.srcs/sources_1/bd/system/ip/system_auto_ds_0/synth/system_auto_ds_0.v:58]
Finished RTL Elaboration : Time (s): cpu = 00:00:48 ; elapsed = 00:00:53 . Memory (MB): peak = 1437.926 ; gain = 0.000 ; free physical = 8699 ; free virtual = 25698
Finished RTL Optimization Phase 1 : Time (s): cpu = 00:00:48 ; elapsed = 00:00:54 . Memory (MB): peak = 1437.926 ; gain = 0.000 ; free physical = 8706 ; free virtual = 25704
INFO: [Device 21-403] Loading part xczu9eg-ffvb1156-2-i
Constraint Validation Runtime : Time (s): cpu = 00:00:00.07 ; elapsed = 00:00:00.04 . Memory (MB): peak = 2019.137 ; gain = 1.000 ; free physical = 7168 ; free virtual = 24169
Finished Constraint Validation : Time (s): cpu = 00:00:58 ; elapsed = 00:01:04 . Memory (MB): peak = 2019.137 ; gain = 581.211 ; free physical = 8657 ; free virtual = 25659
Finished Loading Part and Timing Information : Time (s): cpu = 00:00:58 ; elapsed = 00:01:04 . Memory (MB): peak = 2019.137 ; gain = 581.211 ; free physical = 8657 ; free virtual = 25659
Finished applying 'set_property' XDC Constraints : Time (s): cpu = 00:00:58 ; elapsed = 00:01:04 . Memory (MB): peak = 2019.137 ; gain = 581.211 ; free physical = 8650 ; free virtual = 25651
Finished RTL Optimization Phase 2 : Time (s): cpu = 00:00:59 ; elapsed = 00:01:05 . Memory (MB): peak = 2019.137 ; gain = 581.211 ; free physical = 8565 ; free virtual = 25567
Finished Cross Boundary and Area Optimization : Time (s): cpu = 00:01:03 ; elapsed = 00:01:10 . Memory (MB): peak = 2019.137 ; gain = 581.211 ; free physical = 8172 ; free virtual = 25173
---------------------------------------------------------------------------------
Start ROM, RAM, DSP and Shift Register Reporting
---------------------------------------------------------------------------------

Distributed RAM: Preliminary Mapping  Report (see note below)
+------------------------------------------------------------------------------------------------------------------------------------+-------------------------------------------------------------------------------+----------------+----------------------+------------+
|Module Name                                                                                                                         | RTL Object                                                                    | Inference      | Size (Depth x Width) | Primitives | 
+------------------------------------------------------------------------------------------------------------------------------------+-------------------------------------------------------------------------------+----------------+----------------------+------------+
|inst/\gen_downsizer.gen_simple_downsizer.axi_downsizer_inst/USE_WRITE.write_addr_inst/USE_B_CHANNEL.cmd_b_queue/inst/fifo_gen_inst  | inst_fifo_gen/gconvfifo.rf/grf.rf/gntv_or_sync_fifo.mem/gdm.dm_gen.dm/RAM_reg | User Attribute | 32 x 9               |            | 
|inst/\gen_downsizer.gen_simple_downsizer.axi_downsizer_inst/USE_WRITE.write_addr_inst/cmd_queue/inst/fifo_gen_inst                  | inst_fifo_gen/gconvfifo.rf/grf.rf/gntv_or_sync_fifo.mem/gdm.dm_gen.dm/RAM_reg | User Attribute | 32 x 29              |            | 
|inst/\gen_downsizer.gen_simple_downsizer.axi_downsizer_inst/USE_READ.read_addr_inst/cmd_queue/inst/fifo_gen_inst                    | inst_fifo_gen/gconvfifo.rf/grf.rf/gntv_or_sync_fifo.mem/gdm.dm_gen.dm/RAM_reg | User Attribute | 32 x 29              |            | 
+------------------------------------------------------------------------------------------------------------------------------------+-------------------------------------------------------------------------------+----------------+----------------------+------------+

Note: The table above is a preliminary report that shows the Distributed RAMs at the current stage of the synthesis flow. Some Distributed RAMs may be reimplemented as non Distributed RAM primitives later in the synthesis flow. Multiple instantiated RAMs are reported only once.
---------------------------------------------------------------------------------
Finished ROM, RAM, DSP and Shift Register Reporting
---------------------------------------------------------------------------------
Finished Applying XDC Timing Constraints : Time (s): cpu = 00:01:14 ; elapsed = 00:01:21 . Memory (MB): peak = 2622.074 ; gain = 1184.148 ; free physical = 6697 ; free virtual = 23713
Finished Timing Optimization : Time (s): cpu = 00:01:17 ; elapsed = 00:01:24 . Memory (MB): peak = 2685.488 ; gain = 1247.562 ; free physical = 8286 ; free virtual = 25301
Finished Technology Mapping : Time (s): cpu = 00:01:18 ; elapsed = 00:01:25 . Memory (MB): peak = 2685.488 ; gain = 1247.562 ; free physical = 8282 ; free virtual = 25297
Finished IO Insertion : Time (s): cpu = 00:01:18 ; elapsed = 00:01:25 . Memory (MB): peak = 2685.488 ; gain = 1247.562 ; free physical = 8313 ; free virtual = 25329
Finished Renaming Generated Instances : Time (s): cpu = 00:01:18 ; elapsed = 00:01:25 . Memory (MB): peak = 2685.488 ; gain = 1247.562 ; free physical = 8313 ; free virtual = 25329
Finished Rebuilding User Hierarchy : Time (s): cpu = 00:01:19 ; elapsed = 00:01:26 . Memory (MB): peak = 2685.488 ; gain = 1247.562 ; free physical = 8308 ; free virtual = 25323
Finished Renaming Generated Ports : Time (s): cpu = 00:01:19 ; elapsed = 00:01:26 . Memory (MB): peak = 2685.488 ; gain = 1247.562 ; free physical = 8308 ; free virtual = 25323
Finished Handling Custom Attributes : Time (s): cpu = 00:01:19 ; elapsed = 00:01:26 . Memory (MB): peak = 2685.488 ; gain = 1247.562 ; free physical = 8308 ; free virtual = 25323
Finished Renaming Generated Nets : Time (s): cpu = 00:01:19 ; elapsed = 00:01:26 . Memory (MB): peak = 2685.488 ; gain = 1247.562 ; free physical = 8308 ; free virtual = 25323

Report Cell Usage: 
+------+---------+------+
|      |Cell     |Count |
+------+---------+------+
|1     |CARRY8   |     8|
|2     |LUT1     |    21|
|3     |LUT2     |   109|
|4     |LUT3     |    85|
|5     |LUT4     |   107|
|6     |LUT5     |   230|
|7     |LUT6     |   432|
|8     |RAM32M16 |     7|
|9     |FDCE     |    69|
|10    |FDPE     |    63|
|11    |FDRE     |   829|
|12    |FDSE     |     5|
+------+---------+------+
Finished Writing Synthesis Report : Time (s): cpu = 00:01:19 ; elapsed = 00:01:26 . Memory (MB): peak = 2685.488 ; gain = 1247.562 ; free physical = 8308 ; free virtual = 25323
synth_design: Time (s): cpu = 00:01:20 ; elapsed = 00:01:28 . Memory (MB): peak = 2724.504 ; gain = 1340.969 ; free physical = 8340 ; free virtual = 25359
